<?xml version="1.0" encoding="UTF-8"?>
<!-- Generated by org.testng.reporters.JUnitXMLReporter -->
<testsuite ignored="0" hostname="petluru_family" failures="0" tests="16" name="Free CRM App Test Cases" time="397.643" errors="0" timestamp="2024-01-24T01:07:48 CST">
  <testcase classname="com.crm.qa.testcases.LoginPageTest" name="loginPageTitleTest" time="0.027"/>
  <testcase classname="com.crm.qa.testcases.LoginPageTest" name="crmLogoImagheTest" time="0.086"/>
  <testcase classname="com.crm.qa.testcases.LoginPageTest" name="login" time="7.056"/>
  <testcase classname="com.crm.qa.testcases.HomePageTest" name="verifyHomePageTitleTest" time="0.01"/>
  <testcase classname="com.crm.qa.testcases.HomePageTest" name="verifyUserNameTitle" time="1.036"/>
  <testcase classname="com.crm.qa.testcases.HomePageTest" name="verifyContactLinkText" time="1.17"/>
  <testcase classname="com.crm.qa.testcases.ContactsPageTest" name="verifypageNumberTEst" time="0.074"/>
  <testcase classname="com.crm.qa.testcases.ContactsPageTest" name="verifyContactsPageLabel" time="0.118"/>
  <testcase classname="com.crm.qa.testcases.ContactsPageTest" name="selectContactTest" time="0.096"/>
  <testcase classname="com.crm.qa.testcases.ContactsPageTest" name="selectContacts" time="0.903"/>
  <testcase classname="com.crm.qa.testcases.ContactsPageTest" name="createNewContact" time="5.437"/>
  <testcase classname="com.crm.qa.testcases.ContactsPageTest" name="createNewContact" time="5.322"/>
  <testcase classname="com.crm.qa.testcases.ContactsPageTest" name="createNewContact" time="5.287"/>
  <testcase classname="com.crm.qa.testcases.ContactsPageTest" name="createNewContact" time="5.337"/>
  <testcase classname="com.crm.qa.testcases.ContactsPageTest" name="createNewContact" time="5.35"/>
  <testcase classname="com.crm.qa.testcases.ContactsPageTest" name="createNewContact" time="5.332"/>
</testsuite> <!-- Free CRM App Test Cases -->
