<?xml version="1.0" encoding="UTF-8"?>
<!-- Generated by org.testng.reporters.JUnitXMLReporter -->
<testsuite ignored="0" hostname="petluru_family" failures="0" tests="16" name="Surefire test" time="217.48" errors="0" timestamp="2024-01-24T21:44:08 CST">
  <testcase classname="com.crm.qa.testcases.ContactsPageTest" name="verifypageNumberTEst" time="0.063"/>
  <testcase classname="com.crm.qa.testcases.ContactsPageTest" name="verifyContactsPageLabel" time="0.14"/>
  <testcase classname="com.crm.qa.testcases.ContactsPageTest" name="selectContactTest" time="0.113"/>
  <testcase classname="com.crm.qa.testcases.ContactsPageTest" name="selectContacts" time="0.554"/>
  <testcase classname="com.crm.qa.testcases.ContactsPageTest" name="createNewContact" time="5.398"/>
  <testcase classname="com.crm.qa.testcases.ContactsPageTest" name="createNewContact" time="5.336"/>
  <testcase classname="com.crm.qa.testcases.ContactsPageTest" name="createNewContact" time="5.324"/>
  <testcase classname="com.crm.qa.testcases.ContactsPageTest" name="createNewContact" time="5.311"/>
  <testcase classname="com.crm.qa.testcases.ContactsPageTest" name="createNewContact" time="5.405"/>
  <testcase classname="com.crm.qa.testcases.ContactsPageTest" name="createNewContact" time="5.397"/>
  <testcase classname="com.crm.qa.testcases.HomePageTest" name="verifyHomePageTitleTest" time="0.023"/>
  <testcase classname="com.crm.qa.testcases.HomePageTest" name="verifyUserNameTitle" time="1.017"/>
  <testcase classname="com.crm.qa.testcases.HomePageTest" name="verifyContactLinkText" time="1.484"/>
  <testcase classname="com.crm.qa.testcases.LoginPageTest" name="loginPageTitleTest" time="0.031"/>
  <testcase classname="com.crm.qa.testcases.LoginPageTest" name="crmLogoImagheTest" time="0.027"/>
  <testcase classname="com.crm.qa.testcases.LoginPageTest" name="login" time="5.946"/>
</testsuite> <!-- Surefire test -->
