<?xml version="1.0" encoding="UTF-8"?>
<testsuite xmlns:xsi="http://www.w3.org/2001/XMLSchema-instance" xsi:noNamespaceSchemaLocation="https://maven.apache.org/surefire/maven-surefire-plugin/xsd/surefire-test-report-3.0.xsd" version="3.0" name="TestSuite" time="218.009" tests="16" errors="0" skipped="0" failures="0">
  <properties>
[...]
</properties>
  <testcase name="verifypageNumberTEst" classname="com.crm.qa.testcases.ContactsPageTest" time="0.058">
    <system-out><![CDATA[Before navigating to: 'https://freecrm.com/'
Navigated to:'https://freecrm.com/'
Trying to find Element By : By.xpath: //a/span[@class="icon icon-xs mdi-chart-bar"]
Found Element By : By.xpath: //a/span[@class="icon icon-xs mdi-chart-bar"]
Trying to click on: [[ChromeDriver: chrome on windows (4048c661a085f605774cf869f8b30f19)] -> xpath: //a/span[@class="icon icon-xs mdi-chart-bar"]]
Clicked on: [[ChromeDriver: chrome on windows (4048c661a085f605774cf869f8b30f19)] -> xpath: //a/span[@class="icon icon-xs mdi-chart-bar"]]
Trying to find Element By : By.xpath: //input[@name="email"]
Found Element By : By.xpath: //input[@name="email"]
Trying to find Element By : By.xpath: //input[@name="password"]
Found Element By : By.xpath: //input[@name="password"]
Trying to find Element By : By.cssSelector: div[class="ui fluid large blue submit button"]
Found Element By : By.cssSelector: div[class="ui fluid large blue submit button"]
Trying to click on: [[ChromeDriver: chrome on windows (4048c661a085f605774cf869f8b30f19)] -> css selector: div[class="ui fluid large blue submit button"]]
Clicked on: [[ChromeDriver: chrome on windows (4048c661a085f605774cf869f8b30f19)] -> css selector: div[class="ui fluid large blue submit button"]]
Trying to find Element By : By.xpath: //a[contains(@href,"contacts")]
Found Element By : By.xpath: //a[contains(@href,"contacts")]
Trying to click on: [[ChromeDriver: chrome on windows (4048c661a085f605774cf869f8b30f19)] -> xpath: //a[contains(@href,"contacts")]]
Clicked on: [[ChromeDriver: chrome on windows (4048c661a085f605774cf869f8b30f19)] -> xpath: //a[contains(@href,"contacts")]]
Trying to find Element By : By.xpath: //th/div/a/following-sibling::a[@class="item active"]
Found Element By : By.xpath: //th/div/a/following-sibling::a[@class="item active"]
Trying to click on: [[ChromeDriver: chrome on windows (4048c661a085f605774cf869f8b30f19)] -> xpath: //th/div/a/following-sibling::a[@class="item active"]]
Clicked on: [[ChromeDriver: chrome on windows (4048c661a085f605774cf869f8b30f19)] -> xpath: //th/div/a/following-sibling::a[@class="item active"]]
]]></system-out>
    <system-err><![CDATA[SLF4J: Failed to load class "org.slf4j.impl.StaticLoggerBinder".
SLF4J: Defaulting to no-operation (NOP) logger implementation
SLF4J: See http://www.slf4j.org/codes.html#StaticLoggerBinder for further details.
]]></system-err>
  </testcase>
  <testcase name="verifyContactsPageLabel" classname="com.crm.qa.testcases.ContactsPageTest" time="0.139">
    <system-out><![CDATA[Before navigating to: 'https://freecrm.com/'
Navigated to:'https://freecrm.com/'
Trying to find Element By : By.xpath: //a/span[@class="icon icon-xs mdi-chart-bar"]
Found Element By : By.xpath: //a/span[@class="icon icon-xs mdi-chart-bar"]
Trying to click on: [[ChromeDriver: chrome on windows (7a21804d5eac707c9a56aa3e32f3e75a)] -> xpath: //a/span[@class="icon icon-xs mdi-chart-bar"]]
Clicked on: [[ChromeDriver: chrome on windows (7a21804d5eac707c9a56aa3e32f3e75a)] -> xpath: //a/span[@class="icon icon-xs mdi-chart-bar"]]
Trying to find Element By : By.xpath: //input[@name="email"]
Found Element By : By.xpath: //input[@name="email"]
Trying to find Element By : By.xpath: //input[@name="password"]
Found Element By : By.xpath: //input[@name="password"]
Trying to find Element By : By.cssSelector: div[class="ui fluid large blue submit button"]
Found Element By : By.cssSelector: div[class="ui fluid large blue submit button"]
Trying to click on: [[ChromeDriver: chrome on windows (7a21804d5eac707c9a56aa3e32f3e75a)] -> css selector: div[class="ui fluid large blue submit button"]]
Clicked on: [[ChromeDriver: chrome on windows (7a21804d5eac707c9a56aa3e32f3e75a)] -> css selector: div[class="ui fluid large blue submit button"]]
Trying to find Element By : By.xpath: //a[contains(@href,"contacts")]
Found Element By : By.xpath: //a[contains(@href,"contacts")]
Trying to click on: [[ChromeDriver: chrome on windows (7a21804d5eac707c9a56aa3e32f3e75a)] -> xpath: //a[contains(@href,"contacts")]]
Clicked on: [[ChromeDriver: chrome on windows (7a21804d5eac707c9a56aa3e32f3e75a)] -> xpath: //a[contains(@href,"contacts")]]
Trying to find Element By : By.xpath: //th/div/a/following-sibling::a[@class="item active"]
Found Element By : By.xpath: //th/div/a/following-sibling::a[@class="item active"]
Trying to click on: [[ChromeDriver: chrome on windows (7a21804d5eac707c9a56aa3e32f3e75a)] -> xpath: //th/div/a/following-sibling::a[@class="item active"]]
Clicked on: [[ChromeDriver: chrome on windows (7a21804d5eac707c9a56aa3e32f3e75a)] -> xpath: //th/div/a/following-sibling::a[@class="item active"]]
Trying to find Element By : By.xpath: //span[@class="selectable "]
Found Element By : By.xpath: //span[@class="selectable "]
]]></system-out>
  </testcase>
  <testcase name="selectContactTest" classname="com.crm.qa.testcases.ContactsPageTest" time="0.115">
    <system-out><![CDATA[Before navigating to: 'https://freecrm.com/'
Navigated to:'https://freecrm.com/'
Trying to find Element By : By.xpath: //a/span[@class="icon icon-xs mdi-chart-bar"]
Found Element By : By.xpath: //a/span[@class="icon icon-xs mdi-chart-bar"]
Trying to click on: [[ChromeDriver: chrome on windows (190647f1a34d77fc51144544ff330958)] -> xpath: //a/span[@class="icon icon-xs mdi-chart-bar"]]
Clicked on: [[ChromeDriver: chrome on windows (190647f1a34d77fc51144544ff330958)] -> xpath: //a/span[@class="icon icon-xs mdi-chart-bar"]]
Trying to find Element By : By.xpath: //input[@name="email"]
Found Element By : By.xpath: //input[@name="email"]
Trying to find Element By : By.xpath: //input[@name="password"]
Found Element By : By.xpath: //input[@name="password"]
Trying to find Element By : By.cssSelector: div[class="ui fluid large blue submit button"]
Found Element By : By.cssSelector: div[class="ui fluid large blue submit button"]
Trying to click on: [[ChromeDriver: chrome on windows (190647f1a34d77fc51144544ff330958)] -> css selector: div[class="ui fluid large blue submit button"]]
Clicked on: [[ChromeDriver: chrome on windows (190647f1a34d77fc51144544ff330958)] -> css selector: div[class="ui fluid large blue submit button"]]
Trying to find Element By : By.xpath: //a[contains(@href,"contacts")]
Found Element By : By.xpath: //a[contains(@href,"contacts")]
Trying to click on: [[ChromeDriver: chrome on windows (190647f1a34d77fc51144544ff330958)] -> xpath: //a[contains(@href,"contacts")]]
Clicked on: [[ChromeDriver: chrome on windows (190647f1a34d77fc51144544ff330958)] -> xpath: //a[contains(@href,"contacts")]]
Trying to find Element By : By.xpath: //th/div/a/following-sibling::a[@class="item active"]
Found Element By : By.xpath: //th/div/a/following-sibling::a[@class="item active"]
Trying to click on: [[ChromeDriver: chrome on windows (190647f1a34d77fc51144544ff330958)] -> xpath: //th/div/a/following-sibling::a[@class="item active"]]
Clicked on: [[ChromeDriver: chrome on windows (190647f1a34d77fc51144544ff330958)] -> xpath: //th/div/a/following-sibling::a[@class="item active"]]
Trying to find Element By : By.xpath: //div/table/thead/following-sibling::tbody/tr/td/div
Found Element By : By.xpath: //div/table/thead/following-sibling::tbody/tr/td/div
]]></system-out>
  </testcase>
  <testcase name="selectContacts" classname="com.crm.qa.testcases.ContactsPageTest" time="0.557">
    <system-out><![CDATA[Before navigating to: 'https://freecrm.com/'
Navigated to:'https://freecrm.com/'
Trying to find Element By : By.xpath: //a/span[@class="icon icon-xs mdi-chart-bar"]
Found Element By : By.xpath: //a/span[@class="icon icon-xs mdi-chart-bar"]
Trying to click on: [[ChromeDriver: chrome on windows (622e45fbba8e647d4a8c4d0e04ce8fc9)] -> xpath: //a/span[@class="icon icon-xs mdi-chart-bar"]]
Clicked on: [[ChromeDriver: chrome on windows (622e45fbba8e647d4a8c4d0e04ce8fc9)] -> xpath: //a/span[@class="icon icon-xs mdi-chart-bar"]]
Trying to find Element By : By.xpath: //input[@name="email"]
Found Element By : By.xpath: //input[@name="email"]
Trying to find Element By : By.xpath: //input[@name="password"]
Found Element By : By.xpath: //input[@name="password"]
Trying to find Element By : By.cssSelector: div[class="ui fluid large blue submit button"]
Found Element By : By.cssSelector: div[class="ui fluid large blue submit button"]
Trying to click on: [[ChromeDriver: chrome on windows (622e45fbba8e647d4a8c4d0e04ce8fc9)] -> css selector: div[class="ui fluid large blue submit button"]]
Clicked on: [[ChromeDriver: chrome on windows (622e45fbba8e647d4a8c4d0e04ce8fc9)] -> css selector: div[class="ui fluid large blue submit button"]]
Trying to find Element By : By.xpath: //a[contains(@href,"contacts")]
Found Element By : By.xpath: //a[contains(@href,"contacts")]
Trying to click on: [[ChromeDriver: chrome on windows (622e45fbba8e647d4a8c4d0e04ce8fc9)] -> xpath: //a[contains(@href,"contacts")]]
Clicked on: [[ChromeDriver: chrome on windows (622e45fbba8e647d4a8c4d0e04ce8fc9)] -> xpath: //a[contains(@href,"contacts")]]
Trying to find Element By : By.xpath: //th/div/a/following-sibling::a[@class="item active"]
Found Element By : By.xpath: //th/div/a/following-sibling::a[@class="item active"]
Trying to click on: [[ChromeDriver: chrome on windows (622e45fbba8e647d4a8c4d0e04ce8fc9)] -> xpath: //th/div/a/following-sibling::a[@class="item active"]]
Clicked on: [[ChromeDriver: chrome on windows (622e45fbba8e647d4a8c4d0e04ce8fc9)] -> xpath: //th/div/a/following-sibling::a[@class="item active"]]
Trying to find Element By : By.xpath: //div/table/thead/following-sibling::tbody/tr/td/following-sibling::td/a[contains(text(),'Test2 Test2')]
Found Element By : By.xpath: //div/table/thead/following-sibling::tbody/tr/td/following-sibling::td/a[contains(text(),'Test2 Test2')]
Trying to click on: [[ChromeDriver: chrome on windows (622e45fbba8e647d4a8c4d0e04ce8fc9)] -> xpath: //div/table/thead/following-sibling::tbody/tr/td/following-sibling::td/a[contains(text(),'Test2 Test2')]]
Clicked on: [[ChromeDriver: chrome on windows (622e45fbba8e647d4a8c4d0e04ce8fc9)] -> xpath: //div/table/thead/following-sibling::tbody/tr/td/following-sibling::td/a[contains(text(),'Test2 Test2')]]
]]></system-out>
  </testcase>
  <testcase name="createNewContact[tom1, peter1, Amazon, Facebook](1)" classname="com.crm.qa.testcases.ContactsPageTest" time="5.398">
    <system-out><![CDATA[Before navigating to: 'https://freecrm.com/'
Navigated to:'https://freecrm.com/'
Trying to find Element By : By.xpath: //a/span[@class="icon icon-xs mdi-chart-bar"]
Found Element By : By.xpath: //a/span[@class="icon icon-xs mdi-chart-bar"]
Trying to click on: [[ChromeDriver: chrome on windows (9a04b0e6acd1c6b628829b3c493bf9cb)] -> xpath: //a/span[@class="icon icon-xs mdi-chart-bar"]]
Clicked on: [[ChromeDriver: chrome on windows (9a04b0e6acd1c6b628829b3c493bf9cb)] -> xpath: //a/span[@class="icon icon-xs mdi-chart-bar"]]
Trying to find Element By : By.xpath: //input[@name="email"]
Found Element By : By.xpath: //input[@name="email"]
Trying to find Element By : By.xpath: //input[@name="password"]
Found Element By : By.xpath: //input[@name="password"]
Trying to find Element By : By.cssSelector: div[class="ui fluid large blue submit button"]
Found Element By : By.cssSelector: div[class="ui fluid large blue submit button"]
Trying to click on: [[ChromeDriver: chrome on windows (9a04b0e6acd1c6b628829b3c493bf9cb)] -> css selector: div[class="ui fluid large blue submit button"]]
Clicked on: [[ChromeDriver: chrome on windows (9a04b0e6acd1c6b628829b3c493bf9cb)] -> css selector: div[class="ui fluid large blue submit button"]]
Trying to find Element By : By.xpath: //a[contains(@href,"contacts")]
Found Element By : By.xpath: //a[contains(@href,"contacts")]
Trying to click on: [[ChromeDriver: chrome on windows (9a04b0e6acd1c6b628829b3c493bf9cb)] -> xpath: //a[contains(@href,"contacts")]]
Clicked on: [[ChromeDriver: chrome on windows (9a04b0e6acd1c6b628829b3c493bf9cb)] -> xpath: //a[contains(@href,"contacts")]]
Trying to find Element By : By.xpath: //a[contains(@href,"contacts")]
Found Element By : By.xpath: //a[contains(@href,"contacts")]
Trying to find Element By : By.xpath: //div[@class ="ui fluid container"][1]/div/div/following-sibling::div[2]/button[1]
Found Element By : By.xpath: //div[@class ="ui fluid container"][1]/div/div/following-sibling::div[2]/button[1]
Trying to click on: [[ChromeDriver: chrome on windows (9a04b0e6acd1c6b628829b3c493bf9cb)] -> xpath: //div[@class ="ui fluid container"][1]/div/div/following-sibling::div[2]/button[1]]
Clicked on: [[ChromeDriver: chrome on windows (9a04b0e6acd1c6b628829b3c493bf9cb)] -> xpath: //div[@class ="ui fluid container"][1]/div/div/following-sibling::div[2]/button[1]]
Trying to find Element By : By.cssSelector: input[name="first_name"]
Found Element By : By.cssSelector: input[name="first_name"]
Trying to click on: [[ChromeDriver: chrome on windows (9a04b0e6acd1c6b628829b3c493bf9cb)] -> css selector: input[name="first_name"]]
Clicked on: [[ChromeDriver: chrome on windows (9a04b0e6acd1c6b628829b3c493bf9cb)] -> css selector: input[name="first_name"]]
Trying to find Element By : By.cssSelector: input[name="first_name"]
Found Element By : By.cssSelector: input[name="first_name"]
Trying to find Element By : By.cssSelector: input[name="last_name"]
Found Element By : By.cssSelector: input[name="last_name"]
Trying to find Element By : By.xpath: //div[@name="company"]/input[@aria-autocomplete="list"][1]
Found Element By : By.xpath: //div[@name="company"]/input[@aria-autocomplete="list"][1]
Trying to find Element By : By.xpath: //div[@name="company"]/input[@aria-autocomplete="list"][1]
Found Element By : By.xpath: //div[@name="company"]/input[@aria-autocomplete="list"][1]
Trying to find Element By : By.xpath: //div[@class="ui field"]/div[@name="channel_type"]
Found Element By : By.xpath: //div[@class="ui field"]/div[@name="channel_type"]
Trying to click on: [[ChromeDriver: chrome on windows (9a04b0e6acd1c6b628829b3c493bf9cb)] -> xpath: //div[@class="ui field"]/div[@name="channel_type"]]
Clicked on: [[ChromeDriver: chrome on windows (9a04b0e6acd1c6b628829b3c493bf9cb)] -> xpath: //div[@class="ui field"]/div[@name="channel_type"]]
Trying to find Element By : By.xpath: //div[@class = "visible menu transition"]/div/following-sibling::div/span[contains(text(),Facebook)]
Found Element By : By.xpath: //div[@class = "visible menu transition"]/div/following-sibling::div/span[contains(text(),Facebook)]
Trying to click on: [[ChromeDriver: chrome on windows (9a04b0e6acd1c6b628829b3c493bf9cb)] -> xpath: //div[@class = "visible menu transition"]/div/following-sibling::div/span[contains(text(),Facebook)]]
Clicked on: [[ChromeDriver: chrome on windows (9a04b0e6acd1c6b628829b3c493bf9cb)] -> xpath: //div[@class = "visible menu transition"]/div/following-sibling::div/span[contains(text(),Facebook)]]
Trying to find Element By : By.xpath: //button[@class ="ui linkedin button"]
Found Element By : By.xpath: //button[@class ="ui linkedin button"]
Trying to click on: [[ChromeDriver: chrome on windows (9a04b0e6acd1c6b628829b3c493bf9cb)] -> xpath: //button[@class ="ui linkedin button"]]
Clicked on: [[ChromeDriver: chrome on windows (9a04b0e6acd1c6b628829b3c493bf9cb)] -> xpath: //button[@class ="ui linkedin button"]]
]]></system-out>
    <system-err><![CDATA[ERROR StatusLogger Log4j2 could not find a logging implementation. Please add log4j-core to the classpath. Using SimpleLogger to log to the console...
]]></system-err>
  </testcase>
  <testcase name="createNewContact[tom2, peter2, google, Twitter](2)" classname="com.crm.qa.testcases.ContactsPageTest" time="5.337">
    <system-out><![CDATA[Before navigating to: 'https://freecrm.com/'
Navigated to:'https://freecrm.com/'
Trying to find Element By : By.xpath: //a/span[@class="icon icon-xs mdi-chart-bar"]
Found Element By : By.xpath: //a/span[@class="icon icon-xs mdi-chart-bar"]
Trying to click on: [[ChromeDriver: chrome on windows (cb1b167eb129889c9d18f27b0b4e20da)] -> xpath: //a/span[@class="icon icon-xs mdi-chart-bar"]]
Clicked on: [[ChromeDriver: chrome on windows (cb1b167eb129889c9d18f27b0b4e20da)] -> xpath: //a/span[@class="icon icon-xs mdi-chart-bar"]]
Trying to find Element By : By.xpath: //input[@name="email"]
Found Element By : By.xpath: //input[@name="email"]
Trying to find Element By : By.xpath: //input[@name="password"]
Found Element By : By.xpath: //input[@name="password"]
Trying to find Element By : By.cssSelector: div[class="ui fluid large blue submit button"]
Found Element By : By.cssSelector: div[class="ui fluid large blue submit button"]
Trying to click on: [[ChromeDriver: chrome on windows (cb1b167eb129889c9d18f27b0b4e20da)] -> css selector: div[class="ui fluid large blue submit button"]]
Clicked on: [[ChromeDriver: chrome on windows (cb1b167eb129889c9d18f27b0b4e20da)] -> css selector: div[class="ui fluid large blue submit button"]]
Trying to find Element By : By.xpath: //a[contains(@href,"contacts")]
Found Element By : By.xpath: //a[contains(@href,"contacts")]
Trying to click on: [[ChromeDriver: chrome on windows (cb1b167eb129889c9d18f27b0b4e20da)] -> xpath: //a[contains(@href,"contacts")]]
Clicked on: [[ChromeDriver: chrome on windows (cb1b167eb129889c9d18f27b0b4e20da)] -> xpath: //a[contains(@href,"contacts")]]
Trying to find Element By : By.xpath: //a[contains(@href,"contacts")]
Found Element By : By.xpath: //a[contains(@href,"contacts")]
Trying to find Element By : By.xpath: //div[@class ="ui fluid container"][1]/div/div/following-sibling::div[2]/button[1]
Found Element By : By.xpath: //div[@class ="ui fluid container"][1]/div/div/following-sibling::div[2]/button[1]
Trying to click on: [[ChromeDriver: chrome on windows (cb1b167eb129889c9d18f27b0b4e20da)] -> xpath: //div[@class ="ui fluid container"][1]/div/div/following-sibling::div[2]/button[1]]
Clicked on: [[ChromeDriver: chrome on windows (cb1b167eb129889c9d18f27b0b4e20da)] -> xpath: //div[@class ="ui fluid container"][1]/div/div/following-sibling::div[2]/button[1]]
Trying to find Element By : By.cssSelector: input[name="first_name"]
Found Element By : By.cssSelector: input[name="first_name"]
Trying to click on: [[ChromeDriver: chrome on windows (cb1b167eb129889c9d18f27b0b4e20da)] -> css selector: input[name="first_name"]]
Clicked on: [[ChromeDriver: chrome on windows (cb1b167eb129889c9d18f27b0b4e20da)] -> css selector: input[name="first_name"]]
Trying to find Element By : By.cssSelector: input[name="first_name"]
Found Element By : By.cssSelector: input[name="first_name"]
Trying to find Element By : By.cssSelector: input[name="last_name"]
Found Element By : By.cssSelector: input[name="last_name"]
Trying to find Element By : By.xpath: //div[@name="company"]/input[@aria-autocomplete="list"][1]
Found Element By : By.xpath: //div[@name="company"]/input[@aria-autocomplete="list"][1]
Trying to find Element By : By.xpath: //div[@name="company"]/input[@aria-autocomplete="list"][1]
Found Element By : By.xpath: //div[@name="company"]/input[@aria-autocomplete="list"][1]
Trying to find Element By : By.xpath: //div[@class="ui field"]/div[@name="channel_type"]
Found Element By : By.xpath: //div[@class="ui field"]/div[@name="channel_type"]
Trying to click on: [[ChromeDriver: chrome on windows (cb1b167eb129889c9d18f27b0b4e20da)] -> xpath: //div[@class="ui field"]/div[@name="channel_type"]]
Clicked on: [[ChromeDriver: chrome on windows (cb1b167eb129889c9d18f27b0b4e20da)] -> xpath: //div[@class="ui field"]/div[@name="channel_type"]]
Trying to find Element By : By.xpath: //div[@class = "visible menu transition"]/div/following-sibling::div/span[contains(text(),Twitter)]
Found Element By : By.xpath: //div[@class = "visible menu transition"]/div/following-sibling::div/span[contains(text(),Twitter)]
Trying to click on: [[ChromeDriver: chrome on windows (cb1b167eb129889c9d18f27b0b4e20da)] -> xpath: //div[@class = "visible menu transition"]/div/following-sibling::div/span[contains(text(),Twitter)]]
Clicked on: [[ChromeDriver: chrome on windows (cb1b167eb129889c9d18f27b0b4e20da)] -> xpath: //div[@class = "visible menu transition"]/div/following-sibling::div/span[contains(text(),Twitter)]]
Trying to find Element By : By.xpath: //button[@class ="ui linkedin button"]
Found Element By : By.xpath: //button[@class ="ui linkedin button"]
Trying to click on: [[ChromeDriver: chrome on windows (cb1b167eb129889c9d18f27b0b4e20da)] -> xpath: //button[@class ="ui linkedin button"]]
Clicked on: [[ChromeDriver: chrome on windows (cb1b167eb129889c9d18f27b0b4e20da)] -> xpath: //button[@class ="ui linkedin button"]]
]]></system-out>
  </testcase>
  <testcase name="createNewContact[tom3, peter3, ebay, Facebook](3)" classname="com.crm.qa.testcases.ContactsPageTest" time="5.323">
    <system-out><![CDATA[Before navigating to: 'https://freecrm.com/'
Navigated to:'https://freecrm.com/'
Trying to find Element By : By.xpath: //a/span[@class="icon icon-xs mdi-chart-bar"]
Found Element By : By.xpath: //a/span[@class="icon icon-xs mdi-chart-bar"]
Trying to click on: [[ChromeDriver: chrome on windows (c89bc81f2957cb2133a1c907e6f5b600)] -> xpath: //a/span[@class="icon icon-xs mdi-chart-bar"]]
Clicked on: [[ChromeDriver: chrome on windows (c89bc81f2957cb2133a1c907e6f5b600)] -> xpath: //a/span[@class="icon icon-xs mdi-chart-bar"]]
Trying to find Element By : By.xpath: //input[@name="email"]
Found Element By : By.xpath: //input[@name="email"]
Trying to find Element By : By.xpath: //input[@name="password"]
Found Element By : By.xpath: //input[@name="password"]
Trying to find Element By : By.cssSelector: div[class="ui fluid large blue submit button"]
Found Element By : By.cssSelector: div[class="ui fluid large blue submit button"]
Trying to click on: [[ChromeDriver: chrome on windows (c89bc81f2957cb2133a1c907e6f5b600)] -> css selector: div[class="ui fluid large blue submit button"]]
Clicked on: [[ChromeDriver: chrome on windows (c89bc81f2957cb2133a1c907e6f5b600)] -> css selector: div[class="ui fluid large blue submit button"]]
Trying to find Element By : By.xpath: //a[contains(@href,"contacts")]
Found Element By : By.xpath: //a[contains(@href,"contacts")]
Trying to click on: [[ChromeDriver: chrome on windows (c89bc81f2957cb2133a1c907e6f5b600)] -> xpath: //a[contains(@href,"contacts")]]
Clicked on: [[ChromeDriver: chrome on windows (c89bc81f2957cb2133a1c907e6f5b600)] -> xpath: //a[contains(@href,"contacts")]]
Trying to find Element By : By.xpath: //a[contains(@href,"contacts")]
Found Element By : By.xpath: //a[contains(@href,"contacts")]
Trying to find Element By : By.xpath: //div[@class ="ui fluid container"][1]/div/div/following-sibling::div[2]/button[1]
Found Element By : By.xpath: //div[@class ="ui fluid container"][1]/div/div/following-sibling::div[2]/button[1]
Trying to click on: [[ChromeDriver: chrome on windows (c89bc81f2957cb2133a1c907e6f5b600)] -> xpath: //div[@class ="ui fluid container"][1]/div/div/following-sibling::div[2]/button[1]]
Clicked on: [[ChromeDriver: chrome on windows (c89bc81f2957cb2133a1c907e6f5b600)] -> xpath: //div[@class ="ui fluid container"][1]/div/div/following-sibling::div[2]/button[1]]
Trying to find Element By : By.cssSelector: input[name="first_name"]
Found Element By : By.cssSelector: input[name="first_name"]
Trying to click on: [[ChromeDriver: chrome on windows (c89bc81f2957cb2133a1c907e6f5b600)] -> css selector: input[name="first_name"]]
Clicked on: [[ChromeDriver: chrome on windows (c89bc81f2957cb2133a1c907e6f5b600)] -> css selector: input[name="first_name"]]
Trying to find Element By : By.cssSelector: input[name="first_name"]
Found Element By : By.cssSelector: input[name="first_name"]
Trying to find Element By : By.cssSelector: input[name="last_name"]
Found Element By : By.cssSelector: input[name="last_name"]
Trying to find Element By : By.xpath: //div[@name="company"]/input[@aria-autocomplete="list"][1]
Found Element By : By.xpath: //div[@name="company"]/input[@aria-autocomplete="list"][1]
Trying to find Element By : By.xpath: //div[@name="company"]/input[@aria-autocomplete="list"][1]
Found Element By : By.xpath: //div[@name="company"]/input[@aria-autocomplete="list"][1]
Trying to find Element By : By.xpath: //div[@class="ui field"]/div[@name="channel_type"]
Found Element By : By.xpath: //div[@class="ui field"]/div[@name="channel_type"]
Trying to click on: [[ChromeDriver: chrome on windows (c89bc81f2957cb2133a1c907e6f5b600)] -> xpath: //div[@class="ui field"]/div[@name="channel_type"]]
Clicked on: [[ChromeDriver: chrome on windows (c89bc81f2957cb2133a1c907e6f5b600)] -> xpath: //div[@class="ui field"]/div[@name="channel_type"]]
Trying to find Element By : By.xpath: //div[@class = "visible menu transition"]/div/following-sibling::div/span[contains(text(),Facebook)]
Found Element By : By.xpath: //div[@class = "visible menu transition"]/div/following-sibling::div/span[contains(text(),Facebook)]
Trying to click on: [[ChromeDriver: chrome on windows (c89bc81f2957cb2133a1c907e6f5b600)] -> xpath: //div[@class = "visible menu transition"]/div/following-sibling::div/span[contains(text(),Facebook)]]
Clicked on: [[ChromeDriver: chrome on windows (c89bc81f2957cb2133a1c907e6f5b600)] -> xpath: //div[@class = "visible menu transition"]/div/following-sibling::div/span[contains(text(),Facebook)]]
Trying to find Element By : By.xpath: //button[@class ="ui linkedin button"]
Found Element By : By.xpath: //button[@class ="ui linkedin button"]
Trying to click on: [[ChromeDriver: chrome on windows (c89bc81f2957cb2133a1c907e6f5b600)] -> xpath: //button[@class ="ui linkedin button"]]
Clicked on: [[ChromeDriver: chrome on windows (c89bc81f2957cb2133a1c907e6f5b600)] -> xpath: //button[@class ="ui linkedin button"]]
]]></system-out>
  </testcase>
  <testcase name="createNewContact[tom4, peter4, Amazon, Twitter](4)" classname="com.crm.qa.testcases.ContactsPageTest" time="5.31">
    <system-out><![CDATA[Before navigating to: 'https://freecrm.com/'
Navigated to:'https://freecrm.com/'
Trying to find Element By : By.xpath: //a/span[@class="icon icon-xs mdi-chart-bar"]
Found Element By : By.xpath: //a/span[@class="icon icon-xs mdi-chart-bar"]
Trying to click on: [[ChromeDriver: chrome on windows (371c4f780953ef46bb8ab06f7b4cb5ac)] -> xpath: //a/span[@class="icon icon-xs mdi-chart-bar"]]
Clicked on: [[ChromeDriver: chrome on windows (371c4f780953ef46bb8ab06f7b4cb5ac)] -> xpath: //a/span[@class="icon icon-xs mdi-chart-bar"]]
Trying to find Element By : By.xpath: //input[@name="email"]
Found Element By : By.xpath: //input[@name="email"]
Trying to find Element By : By.xpath: //input[@name="password"]
Found Element By : By.xpath: //input[@name="password"]
Trying to find Element By : By.cssSelector: div[class="ui fluid large blue submit button"]
Found Element By : By.cssSelector: div[class="ui fluid large blue submit button"]
Trying to click on: [[ChromeDriver: chrome on windows (371c4f780953ef46bb8ab06f7b4cb5ac)] -> css selector: div[class="ui fluid large blue submit button"]]
Clicked on: [[ChromeDriver: chrome on windows (371c4f780953ef46bb8ab06f7b4cb5ac)] -> css selector: div[class="ui fluid large blue submit button"]]
Trying to find Element By : By.xpath: //a[contains(@href,"contacts")]
Found Element By : By.xpath: //a[contains(@href,"contacts")]
Trying to click on: [[ChromeDriver: chrome on windows (371c4f780953ef46bb8ab06f7b4cb5ac)] -> xpath: //a[contains(@href,"contacts")]]
Clicked on: [[ChromeDriver: chrome on windows (371c4f780953ef46bb8ab06f7b4cb5ac)] -> xpath: //a[contains(@href,"contacts")]]
Trying to find Element By : By.xpath: //a[contains(@href,"contacts")]
Found Element By : By.xpath: //a[contains(@href,"contacts")]
Trying to find Element By : By.xpath: //div[@class ="ui fluid container"][1]/div/div/following-sibling::div[2]/button[1]
Found Element By : By.xpath: //div[@class ="ui fluid container"][1]/div/div/following-sibling::div[2]/button[1]
Trying to click on: [[ChromeDriver: chrome on windows (371c4f780953ef46bb8ab06f7b4cb5ac)] -> xpath: //div[@class ="ui fluid container"][1]/div/div/following-sibling::div[2]/button[1]]
Clicked on: [[ChromeDriver: chrome on windows (371c4f780953ef46bb8ab06f7b4cb5ac)] -> xpath: //div[@class ="ui fluid container"][1]/div/div/following-sibling::div[2]/button[1]]
Trying to find Element By : By.cssSelector: input[name="first_name"]
Found Element By : By.cssSelector: input[name="first_name"]
Trying to click on: [[ChromeDriver: chrome on windows (371c4f780953ef46bb8ab06f7b4cb5ac)] -> css selector: input[name="first_name"]]
Clicked on: [[ChromeDriver: chrome on windows (371c4f780953ef46bb8ab06f7b4cb5ac)] -> css selector: input[name="first_name"]]
Trying to find Element By : By.cssSelector: input[name="first_name"]
Found Element By : By.cssSelector: input[name="first_name"]
Trying to find Element By : By.cssSelector: input[name="last_name"]
Found Element By : By.cssSelector: input[name="last_name"]
Trying to find Element By : By.xpath: //div[@name="company"]/input[@aria-autocomplete="list"][1]
Found Element By : By.xpath: //div[@name="company"]/input[@aria-autocomplete="list"][1]
Trying to find Element By : By.xpath: //div[@name="company"]/input[@aria-autocomplete="list"][1]
Found Element By : By.xpath: //div[@name="company"]/input[@aria-autocomplete="list"][1]
Trying to find Element By : By.xpath: //div[@class="ui field"]/div[@name="channel_type"]
Found Element By : By.xpath: //div[@class="ui field"]/div[@name="channel_type"]
Trying to click on: [[ChromeDriver: chrome on windows (371c4f780953ef46bb8ab06f7b4cb5ac)] -> xpath: //div[@class="ui field"]/div[@name="channel_type"]]
Clicked on: [[ChromeDriver: chrome on windows (371c4f780953ef46bb8ab06f7b4cb5ac)] -> xpath: //div[@class="ui field"]/div[@name="channel_type"]]
Trying to find Element By : By.xpath: //div[@class = "visible menu transition"]/div/following-sibling::div/span[contains(text(),Twitter)]
Found Element By : By.xpath: //div[@class = "visible menu transition"]/div/following-sibling::div/span[contains(text(),Twitter)]
Trying to click on: [[ChromeDriver: chrome on windows (371c4f780953ef46bb8ab06f7b4cb5ac)] -> xpath: //div[@class = "visible menu transition"]/div/following-sibling::div/span[contains(text(),Twitter)]]
Clicked on: [[ChromeDriver: chrome on windows (371c4f780953ef46bb8ab06f7b4cb5ac)] -> xpath: //div[@class = "visible menu transition"]/div/following-sibling::div/span[contains(text(),Twitter)]]
Trying to find Element By : By.xpath: //button[@class ="ui linkedin button"]
Found Element By : By.xpath: //button[@class ="ui linkedin button"]
Trying to click on: [[ChromeDriver: chrome on windows (371c4f780953ef46bb8ab06f7b4cb5ac)] -> xpath: //button[@class ="ui linkedin button"]]
Clicked on: [[ChromeDriver: chrome on windows (371c4f780953ef46bb8ab06f7b4cb5ac)] -> xpath: //button[@class ="ui linkedin button"]]
]]></system-out>
  </testcase>
  <testcase name="createNewContact[tom5, peter5, google, Facebook](5)" classname="com.crm.qa.testcases.ContactsPageTest" time="5.406">
    <system-out><![CDATA[Before navigating to: 'https://freecrm.com/'
Navigated to:'https://freecrm.com/'
Trying to find Element By : By.xpath: //a/span[@class="icon icon-xs mdi-chart-bar"]
Found Element By : By.xpath: //a/span[@class="icon icon-xs mdi-chart-bar"]
Trying to click on: [[ChromeDriver: chrome on windows (5d2c3f8269257c1c60d7b502ff4df0e1)] -> xpath: //a/span[@class="icon icon-xs mdi-chart-bar"]]
Clicked on: [[ChromeDriver: chrome on windows (5d2c3f8269257c1c60d7b502ff4df0e1)] -> xpath: //a/span[@class="icon icon-xs mdi-chart-bar"]]
Trying to find Element By : By.xpath: //input[@name="email"]
Found Element By : By.xpath: //input[@name="email"]
Trying to find Element By : By.xpath: //input[@name="password"]
Found Element By : By.xpath: //input[@name="password"]
Trying to find Element By : By.cssSelector: div[class="ui fluid large blue submit button"]
Found Element By : By.cssSelector: div[class="ui fluid large blue submit button"]
Trying to click on: [[ChromeDriver: chrome on windows (5d2c3f8269257c1c60d7b502ff4df0e1)] -> css selector: div[class="ui fluid large blue submit button"]]
Clicked on: [[ChromeDriver: chrome on windows (5d2c3f8269257c1c60d7b502ff4df0e1)] -> css selector: div[class="ui fluid large blue submit button"]]
Trying to find Element By : By.xpath: //a[contains(@href,"contacts")]
Found Element By : By.xpath: //a[contains(@href,"contacts")]
Trying to click on: [[ChromeDriver: chrome on windows (5d2c3f8269257c1c60d7b502ff4df0e1)] -> xpath: //a[contains(@href,"contacts")]]
Clicked on: [[ChromeDriver: chrome on windows (5d2c3f8269257c1c60d7b502ff4df0e1)] -> xpath: //a[contains(@href,"contacts")]]
Trying to find Element By : By.xpath: //a[contains(@href,"contacts")]
Found Element By : By.xpath: //a[contains(@href,"contacts")]
Trying to find Element By : By.xpath: //div[@class ="ui fluid container"][1]/div/div/following-sibling::div[2]/button[1]
Found Element By : By.xpath: //div[@class ="ui fluid container"][1]/div/div/following-sibling::div[2]/button[1]
Trying to click on: [[ChromeDriver: chrome on windows (5d2c3f8269257c1c60d7b502ff4df0e1)] -> xpath: //div[@class ="ui fluid container"][1]/div/div/following-sibling::div[2]/button[1]]
Clicked on: [[ChromeDriver: chrome on windows (5d2c3f8269257c1c60d7b502ff4df0e1)] -> xpath: //div[@class ="ui fluid container"][1]/div/div/following-sibling::div[2]/button[1]]
Trying to find Element By : By.cssSelector: input[name="first_name"]
Found Element By : By.cssSelector: input[name="first_name"]
Trying to click on: [[ChromeDriver: chrome on windows (5d2c3f8269257c1c60d7b502ff4df0e1)] -> css selector: input[name="first_name"]]
Clicked on: [[ChromeDriver: chrome on windows (5d2c3f8269257c1c60d7b502ff4df0e1)] -> css selector: input[name="first_name"]]
Trying to find Element By : By.cssSelector: input[name="first_name"]
Found Element By : By.cssSelector: input[name="first_name"]
Trying to find Element By : By.cssSelector: input[name="last_name"]
Found Element By : By.cssSelector: input[name="last_name"]
Trying to find Element By : By.xpath: //div[@name="company"]/input[@aria-autocomplete="list"][1]
Found Element By : By.xpath: //div[@name="company"]/input[@aria-autocomplete="list"][1]
Trying to find Element By : By.xpath: //div[@name="company"]/input[@aria-autocomplete="list"][1]
Found Element By : By.xpath: //div[@name="company"]/input[@aria-autocomplete="list"][1]
Trying to find Element By : By.xpath: //div[@class="ui field"]/div[@name="channel_type"]
Found Element By : By.xpath: //div[@class="ui field"]/div[@name="channel_type"]
Trying to click on: [[ChromeDriver: chrome on windows (5d2c3f8269257c1c60d7b502ff4df0e1)] -> xpath: //div[@class="ui field"]/div[@name="channel_type"]]
Clicked on: [[ChromeDriver: chrome on windows (5d2c3f8269257c1c60d7b502ff4df0e1)] -> xpath: //div[@class="ui field"]/div[@name="channel_type"]]
Trying to find Element By : By.xpath: //div[@class = "visible menu transition"]/div/following-sibling::div/span[contains(text(),Facebook)]
Found Element By : By.xpath: //div[@class = "visible menu transition"]/div/following-sibling::div/span[contains(text(),Facebook)]
Trying to click on: [[ChromeDriver: chrome on windows (5d2c3f8269257c1c60d7b502ff4df0e1)] -> xpath: //div[@class = "visible menu transition"]/div/following-sibling::div/span[contains(text(),Facebook)]]
Clicked on: [[ChromeDriver: chrome on windows (5d2c3f8269257c1c60d7b502ff4df0e1)] -> xpath: //div[@class = "visible menu transition"]/div/following-sibling::div/span[contains(text(),Facebook)]]
Trying to find Element By : By.xpath: //button[@class ="ui linkedin button"]
Found Element By : By.xpath: //button[@class ="ui linkedin button"]
Trying to click on: [[ChromeDriver: chrome on windows (5d2c3f8269257c1c60d7b502ff4df0e1)] -> xpath: //button[@class ="ui linkedin button"]]
Clicked on: [[ChromeDriver: chrome on windows (5d2c3f8269257c1c60d7b502ff4df0e1)] -> xpath: //button[@class ="ui linkedin button"]]
]]></system-out>
  </testcase>
  <testcase name="createNewContact[tom6, peter6, ebay, Twitter](6)" classname="com.crm.qa.testcases.ContactsPageTest" time="5.399">
    <system-out><![CDATA[Before navigating to: 'https://freecrm.com/'
Navigated to:'https://freecrm.com/'
Trying to find Element By : By.xpath: //a/span[@class="icon icon-xs mdi-chart-bar"]
Found Element By : By.xpath: //a/span[@class="icon icon-xs mdi-chart-bar"]
Trying to click on: [[ChromeDriver: chrome on windows (e1fa53640bacce131068ef5795c468fd)] -> xpath: //a/span[@class="icon icon-xs mdi-chart-bar"]]
Clicked on: [[ChromeDriver: chrome on windows (e1fa53640bacce131068ef5795c468fd)] -> xpath: //a/span[@class="icon icon-xs mdi-chart-bar"]]
Trying to find Element By : By.xpath: //input[@name="email"]
Found Element By : By.xpath: //input[@name="email"]
Trying to find Element By : By.xpath: //input[@name="password"]
Found Element By : By.xpath: //input[@name="password"]
Trying to find Element By : By.cssSelector: div[class="ui fluid large blue submit button"]
Found Element By : By.cssSelector: div[class="ui fluid large blue submit button"]
Trying to click on: [[ChromeDriver: chrome on windows (e1fa53640bacce131068ef5795c468fd)] -> css selector: div[class="ui fluid large blue submit button"]]
Clicked on: [[ChromeDriver: chrome on windows (e1fa53640bacce131068ef5795c468fd)] -> css selector: div[class="ui fluid large blue submit button"]]
Trying to find Element By : By.xpath: //a[contains(@href,"contacts")]
Found Element By : By.xpath: //a[contains(@href,"contacts")]
Trying to click on: [[ChromeDriver: chrome on windows (e1fa53640bacce131068ef5795c468fd)] -> xpath: //a[contains(@href,"contacts")]]
Clicked on: [[ChromeDriver: chrome on windows (e1fa53640bacce131068ef5795c468fd)] -> xpath: //a[contains(@href,"contacts")]]
Trying to find Element By : By.xpath: //a[contains(@href,"contacts")]
Found Element By : By.xpath: //a[contains(@href,"contacts")]
Trying to find Element By : By.xpath: //div[@class ="ui fluid container"][1]/div/div/following-sibling::div[2]/button[1]
Found Element By : By.xpath: //div[@class ="ui fluid container"][1]/div/div/following-sibling::div[2]/button[1]
Trying to click on: [[ChromeDriver: chrome on windows (e1fa53640bacce131068ef5795c468fd)] -> xpath: //div[@class ="ui fluid container"][1]/div/div/following-sibling::div[2]/button[1]]
Clicked on: [[ChromeDriver: chrome on windows (e1fa53640bacce131068ef5795c468fd)] -> xpath: //div[@class ="ui fluid container"][1]/div/div/following-sibling::div[2]/button[1]]
Trying to find Element By : By.cssSelector: input[name="first_name"]
Found Element By : By.cssSelector: input[name="first_name"]
Trying to click on: [[ChromeDriver: chrome on windows (e1fa53640bacce131068ef5795c468fd)] -> css selector: input[name="first_name"]]
Clicked on: [[ChromeDriver: chrome on windows (e1fa53640bacce131068ef5795c468fd)] -> css selector: input[name="first_name"]]
Trying to find Element By : By.cssSelector: input[name="first_name"]
Found Element By : By.cssSelector: input[name="first_name"]
Trying to find Element By : By.cssSelector: input[name="last_name"]
Found Element By : By.cssSelector: input[name="last_name"]
Trying to find Element By : By.xpath: //div[@name="company"]/input[@aria-autocomplete="list"][1]
Found Element By : By.xpath: //div[@name="company"]/input[@aria-autocomplete="list"][1]
Trying to find Element By : By.xpath: //div[@name="company"]/input[@aria-autocomplete="list"][1]
Found Element By : By.xpath: //div[@name="company"]/input[@aria-autocomplete="list"][1]
Trying to find Element By : By.xpath: //div[@class="ui field"]/div[@name="channel_type"]
Found Element By : By.xpath: //div[@class="ui field"]/div[@name="channel_type"]
Trying to click on: [[ChromeDriver: chrome on windows (e1fa53640bacce131068ef5795c468fd)] -> xpath: //div[@class="ui field"]/div[@name="channel_type"]]
Clicked on: [[ChromeDriver: chrome on windows (e1fa53640bacce131068ef5795c468fd)] -> xpath: //div[@class="ui field"]/div[@name="channel_type"]]
Trying to find Element By : By.xpath: //div[@class = "visible menu transition"]/div/following-sibling::div/span[contains(text(),Twitter)]
Found Element By : By.xpath: //div[@class = "visible menu transition"]/div/following-sibling::div/span[contains(text(),Twitter)]
Trying to click on: [[ChromeDriver: chrome on windows (e1fa53640bacce131068ef5795c468fd)] -> xpath: //div[@class = "visible menu transition"]/div/following-sibling::div/span[contains(text(),Twitter)]]
Clicked on: [[ChromeDriver: chrome on windows (e1fa53640bacce131068ef5795c468fd)] -> xpath: //div[@class = "visible menu transition"]/div/following-sibling::div/span[contains(text(),Twitter)]]
Trying to find Element By : By.xpath: //button[@class ="ui linkedin button"]
Found Element By : By.xpath: //button[@class ="ui linkedin button"]
Trying to click on: [[ChromeDriver: chrome on windows (e1fa53640bacce131068ef5795c468fd)] -> xpath: //button[@class ="ui linkedin button"]]
Clicked on: [[ChromeDriver: chrome on windows (e1fa53640bacce131068ef5795c468fd)] -> xpath: //button[@class ="ui linkedin button"]]
]]></system-out>
  </testcase>
  <testcase name="verifyHomePageTitleTest" classname="com.crm.qa.testcases.HomePageTest" time="0.022">
    <system-out><![CDATA[Before navigating to: 'https://freecrm.com/'
Navigated to:'https://freecrm.com/'
Trying to find Element By : By.xpath: //a/span[@class="icon icon-xs mdi-chart-bar"]
Found Element By : By.xpath: //a/span[@class="icon icon-xs mdi-chart-bar"]
Trying to click on: [[ChromeDriver: chrome on windows (c06327fa2cfdd67720ff0291ce556e05)] -> xpath: //a/span[@class="icon icon-xs mdi-chart-bar"]]
Clicked on: [[ChromeDriver: chrome on windows (c06327fa2cfdd67720ff0291ce556e05)] -> xpath: //a/span[@class="icon icon-xs mdi-chart-bar"]]
Trying to find Element By : By.xpath: //input[@name="email"]
Found Element By : By.xpath: //input[@name="email"]
Trying to find Element By : By.xpath: //input[@name="password"]
Found Element By : By.xpath: //input[@name="password"]
Trying to find Element By : By.cssSelector: div[class="ui fluid large blue submit button"]
Found Element By : By.cssSelector: div[class="ui fluid large blue submit button"]
Trying to click on: [[ChromeDriver: chrome on windows (c06327fa2cfdd67720ff0291ce556e05)] -> css selector: div[class="ui fluid large blue submit button"]]
Clicked on: [[ChromeDriver: chrome on windows (c06327fa2cfdd67720ff0291ce556e05)] -> css selector: div[class="ui fluid large blue submit button"]]
Cogmento CRM
]]></system-out>
  </testcase>
  <testcase name="verifyUserNameTitle" classname="com.crm.qa.testcases.HomePageTest" time="1.014">
    <system-out><![CDATA[Before navigating to: 'https://freecrm.com/'
Navigated to:'https://freecrm.com/'
Trying to find Element By : By.xpath: //a/span[@class="icon icon-xs mdi-chart-bar"]
Found Element By : By.xpath: //a/span[@class="icon icon-xs mdi-chart-bar"]
Trying to click on: [[ChromeDriver: chrome on windows (a3aa46d2163d088a8f193a4ba682b3b6)] -> xpath: //a/span[@class="icon icon-xs mdi-chart-bar"]]
Clicked on: [[ChromeDriver: chrome on windows (a3aa46d2163d088a8f193a4ba682b3b6)] -> xpath: //a/span[@class="icon icon-xs mdi-chart-bar"]]
Trying to find Element By : By.xpath: //input[@name="email"]
Found Element By : By.xpath: //input[@name="email"]
Trying to find Element By : By.xpath: //input[@name="password"]
Found Element By : By.xpath: //input[@name="password"]
Trying to find Element By : By.cssSelector: div[class="ui fluid large blue submit button"]
Found Element By : By.cssSelector: div[class="ui fluid large blue submit button"]
Trying to click on: [[ChromeDriver: chrome on windows (a3aa46d2163d088a8f193a4ba682b3b6)] -> css selector: div[class="ui fluid large blue submit button"]]
Clicked on: [[ChromeDriver: chrome on windows (a3aa46d2163d088a8f193a4ba682b3b6)] -> css selector: div[class="ui fluid large blue submit button"]]
Trying to find Element By : By.cssSelector: span.user-display
Found Element By : By.cssSelector: span.user-display
bala kishore
]]></system-out>
  </testcase>
  <testcase name="verifyContactLinkText" classname="com.crm.qa.testcases.HomePageTest" time="1.484">
    <system-out><![CDATA[Before navigating to: 'https://freecrm.com/'
Navigated to:'https://freecrm.com/'
Trying to find Element By : By.xpath: //a/span[@class="icon icon-xs mdi-chart-bar"]
Found Element By : By.xpath: //a/span[@class="icon icon-xs mdi-chart-bar"]
Trying to click on: [[ChromeDriver: chrome on windows (fcc952665bdd4fd607e9bea710105ac3)] -> xpath: //a/span[@class="icon icon-xs mdi-chart-bar"]]
Clicked on: [[ChromeDriver: chrome on windows (fcc952665bdd4fd607e9bea710105ac3)] -> xpath: //a/span[@class="icon icon-xs mdi-chart-bar"]]
Trying to find Element By : By.xpath: //input[@name="email"]
Found Element By : By.xpath: //input[@name="email"]
Trying to find Element By : By.xpath: //input[@name="password"]
Found Element By : By.xpath: //input[@name="password"]
Trying to find Element By : By.cssSelector: div[class="ui fluid large blue submit button"]
Found Element By : By.cssSelector: div[class="ui fluid large blue submit button"]
Trying to click on: [[ChromeDriver: chrome on windows (fcc952665bdd4fd607e9bea710105ac3)] -> css selector: div[class="ui fluid large blue submit button"]]
Clicked on: [[ChromeDriver: chrome on windows (fcc952665bdd4fd607e9bea710105ac3)] -> css selector: div[class="ui fluid large blue submit button"]]
Trying to find Element By : By.xpath: //a[contains(@href,"contacts")]
Found Element By : By.xpath: //a[contains(@href,"contacts")]
Trying to click on: [[ChromeDriver: chrome on windows (fcc952665bdd4fd607e9bea710105ac3)] -> xpath: //a[contains(@href,"contacts")]]
Clicked on: [[ChromeDriver: chrome on windows (fcc952665bdd4fd607e9bea710105ac3)] -> xpath: //a[contains(@href,"contacts")]]
]]></system-out>
  </testcase>
  <testcase name="loginPageTitleTest" classname="com.crm.qa.testcases.LoginPageTest" time="0.033">
    <system-out><![CDATA[Before navigating to: 'https://freecrm.com/'
Navigated to:'https://freecrm.com/'
Title is : #1 Free CRM Power Up your Entire Business Free Forever
]]></system-out>
  </testcase>
  <testcase name="crmLogoImagheTest" classname="com.crm.qa.testcases.LoginPageTest" time="0.026">
    <system-out><![CDATA[Before navigating to: 'https://freecrm.com/'
Navigated to:'https://freecrm.com/'
Trying to find Element By : By.xpath: //div[@class = "rd-navbar-wrap"]/div[1]
Found Element By : By.xpath: //div[@class = "rd-navbar-wrap"]/div[1]
]]></system-out>
  </testcase>
  <testcase name="login" classname="com.crm.qa.testcases.LoginPageTest" time="5.942">
    <system-out><![CDATA[Before navigating to: 'https://freecrm.com/'
Navigated to:'https://freecrm.com/'
Trying to find Element By : By.xpath: //a/span[@class="icon icon-xs mdi-chart-bar"]
Found Element By : By.xpath: //a/span[@class="icon icon-xs mdi-chart-bar"]
Trying to click on: [[ChromeDriver: chrome on windows (92ff7bf1bb31bf938af09b153fed6901)] -> xpath: //a/span[@class="icon icon-xs mdi-chart-bar"]]
Clicked on: [[ChromeDriver: chrome on windows (92ff7bf1bb31bf938af09b153fed6901)] -> xpath: //a/span[@class="icon icon-xs mdi-chart-bar"]]
Trying to find Element By : By.xpath: //input[@name="email"]
Found Element By : By.xpath: //input[@name="email"]
Trying to find Element By : By.xpath: //input[@name="password"]
Found Element By : By.xpath: //input[@name="password"]
Trying to find Element By : By.cssSelector: div[class="ui fluid large blue submit button"]
Found Element By : By.cssSelector: div[class="ui fluid large blue submit button"]
Trying to click on: [[ChromeDriver: chrome on windows (92ff7bf1bb31bf938af09b153fed6901)] -> css selector: div[class="ui fluid large blue submit button"]]
Clicked on: [[ChromeDriver: chrome on windows (92ff7bf1bb31bf938af09b153fed6901)] -> css selector: div[class="ui fluid large blue submit button"]]
]]></system-out>
  </testcase>
</testsuite>